<?xml version="1.0" encoding="UTF-8"?>
<testng-results skipped="0" failed="0" total="1" passed="1">
  <reporter-output>
  </reporter-output>
  <suite name="Suite" duration-ms="36595" started-at="2017-05-26T04:37:06Z" finished-at="2017-05-26T04:37:43Z">
    <groups>
    </groups>
    <test name="Test" duration-ms="36595" started-at="2017-05-26T04:37:06Z" finished-at="2017-05-26T04:37:43Z">
      <class name="com.application.tests.TestClass">
        <test-method status="PASS" signature="launch()[pri:0, instance:com.application.tests.TestClass@24273305]" name="launch" is-config="true" duration-ms="5419" started-at="2017-05-26T10:07:06Z" finished-at="2017-05-26T10:07:11Z">
          <reporter-output>
          </reporter-output>
        </test-method> <!-- launch -->
        <test-method status="PASS" signature="login()[pri:0, instance:com.application.tests.TestClass@24273305]" name="login" is-config="true" duration-ms="0" started-at="2017-05-26T10:07:11Z" finished-at="2017-05-26T10:07:11Z">
          <reporter-output>
          </reporter-output>
        </test-method> <!-- login -->
        <test-method status="PASS" signature="testHome()[pri:0, instance:com.application.tests.TestClass@24273305]" name="testHome" duration-ms="28059" started-at="2017-05-26T10:07:11Z" finished-at="2017-05-26T10:07:39Z">
          <reporter-output>
          </reporter-output>
        </test-method> <!-- testHome -->
        <test-method status="PASS" signature="quit()[pri:0, instance:com.application.tests.TestClass@24273305]" name="quit" is-config="true" duration-ms="3108" started-at="2017-05-26T10:07:39Z" finished-at="2017-05-26T10:07:43Z">
          <reporter-output>
          </reporter-output>
        </test-method> <!-- quit -->
        <test-method status="PASS" signature="logout()[pri:0, instance:com.application.tests.TestClass@24273305]" name="logout" is-config="true" duration-ms="0" started-at="2017-05-26T10:07:39Z" finished-at="2017-05-26T10:07:39Z">
          <reporter-output>
          </reporter-output>
        </test-method> <!-- logout -->
      </class> <!-- com.application.tests.TestClass -->
    </test> <!-- Test -->
  </suite> <!-- Suite -->
</testng-results>
