<?xml version="1.0" encoding="UTF-8"?>
<testng-results skipped="0" failed="0" ignored="0" total="2" passed="2">
  <reporter-output>
    <line>
      <![CDATA[Clicks on signIn]]>
    </line>
    <line>
      <![CDATA[loginLink is enabled]]>
    </line>
    <line>
      <![CDATA[Clicks on login]]>
    </line>
    <line>
      <![CDATA[Switched to Frame]]>
    </line>
    <line>
      <![CDATA[ Enters username]]>
    </line>
    <line>
      <![CDATA[Clicks on Continue Button]]>
    </line>
    <line>
      <![CDATA[Login Failed...]]>
    </line>
    <line>
      <![CDATA[Enters Search item]]>
    </line>
    <line>
      <![CDATA[Clicks on search Button]]>
    </line>
    <line>
      <![CDATA[Clicks on the item]]>
    </line>
    <line>
      <![CDATA[clicks on add to cart button]]>
    </line>
    <line>
      <![CDATA[Clicks on cart icon]]>
    </line>
    <line>
      <![CDATA[Clicks on Remove]]>
    </line>
    <line>
      <![CDATA[Clicks on Books]]>
    </line>
    <line>
      <![CDATA[Clicks on Competitive Exams]]>
    </line>
  </reporter-output>
  <suite name="Default suite" duration-ms="38915" started-at="2017-05-31T09:58:10Z" finished-at="2017-05-31T09:58:49Z">
    <groups>
    </groups>
    <test name="Default test" duration-ms="38915" started-at="2017-05-31T09:58:10Z" finished-at="2017-05-31T09:58:49Z">
      <class name="com.application.tests.TestClass">
        <test-method status="PASS" signature="launch()[pri:0, instance:com.application.tests.TestClass@9629756]" name="launch" is-config="true" duration-ms="8269" started-at="2017-05-31T15:28:10Z" finished-at="2017-05-31T15:28:19Z">
          <reporter-output>
          </reporter-output>
        </test-method> <!-- launch -->
        <test-method status="PASS" signature="invalidLogin()[pri:0, instance:com.application.tests.TestClass@9629756]" name="invalidLogin" duration-ms="1894" started-at="2017-05-31T15:28:19Z" finished-at="2017-05-31T15:28:21Z">
          <reporter-output>
            <line>
              <![CDATA[Clicks on signIn]]>
            </line>
            <line>
              <![CDATA[loginLink is enabled]]>
            </line>
            <line>
              <![CDATA[Clicks on login]]>
            </line>
            <line>
              <![CDATA[Switched to Frame]]>
            </line>
            <line>
              <![CDATA[ Enters username]]>
            </line>
            <line>
              <![CDATA[Clicks on Continue Button]]>
            </line>
            <line>
              <![CDATA[Login Failed...]]>
            </line>
          </reporter-output>
        </test-method> <!-- invalidLogin -->
        <test-method status="PASS" signature="testHome()[pri:1, instance:com.application.tests.TestClass@9629756]" name="testHome" duration-ms="28627" started-at="2017-05-31T15:28:21Z" finished-at="2017-05-31T15:28:49Z">
          <reporter-output>
            <line>
              <![CDATA[Enters Search item]]>
            </line>
            <line>
              <![CDATA[Clicks on search Button]]>
            </line>
            <line>
              <![CDATA[Clicks on the item]]>
            </line>
            <line>
              <![CDATA[clicks on add to cart button]]>
            </line>
            <line>
              <![CDATA[Clicks on cart icon]]>
            </line>
            <line>
              <![CDATA[Clicks on Remove]]>
            </line>
            <line>
              <![CDATA[Clicks on Books]]>
            </line>
            <line>
              <![CDATA[Clicks on Competitive Exams]]>
            </line>
          </reporter-output>
        </test-method> <!-- testHome -->
        <test-method status="PASS" signature="quit()[pri:0, instance:com.application.tests.TestClass@9629756]" name="quit" is-config="true" duration-ms="97" started-at="2017-05-31T15:28:49Z" finished-at="2017-05-31T15:28:49Z">
          <reporter-output>
          </reporter-output>
        </test-method> <!-- quit -->
      </class> <!-- com.application.tests.TestClass -->
    </test> <!-- Default test -->
  </suite> <!-- Default suite -->
</testng-results>
